<?xml version="1.0" encoding="UTF-8"?>
<testsuite xmlns:xsi="http://www.w3.org/2001/XMLSchema-instance" xsi:noNamespaceSchemaLocation="https://maven.apache.org/surefire/maven-surefire-plugin/xsd/surefire-test-report.xsd" name="org.eclipse.kura.example.ble.tisensortag.dbus.BluetoothLeTest" time="9.12" tests="3" errors="0" skipped="0" failures="0">
  <properties>
[...]
</properties>
  <testcase name="testActivateDeactivate" classname="org.eclipse.kura.example.ble.tisensortag.dbus.BluetoothLeTest" time="0.094"/>
  <testcase name="testReadSensorTags" classname="org.eclipse.kura.example.ble.tisensortag.dbus.BluetoothLeTest" time="8.01"/>
  <testcase name="testUpdate" classname="org.eclipse.kura.example.ble.tisensortag.dbus.BluetoothLeTest" time="1.016"/>
</testsuite>