-------------------------------------------------------------------------------
Test set: org.eclipse.kura.example.wire.math.singleport.variance.test.VarianceComponentTest
-------------------------------------------------------------------------------
Tests run: 3, Failures: 0, Errors: 0, Skipped: 0, Time elapsed: 0.236 s -- in org.eclipse.kura.example.wire.math.singleport.variance.test.VarianceComponentTest
org.eclipse.kura.example.wire.math.singleport.variance.test.VarianceComponentTest.varianceWireComponentHasDefaultProperties -- Time elapsed: 0.073 s
org.eclipse.kura.example.wire.math.singleport.variance.test.VarianceComponentTest.testVariance -- Time elapsed: 0.085 s
org.eclipse.kura.example.wire.math.singleport.variance.test.VarianceComponentTest.varianceWireComponentExists -- Time elapsed: 0.078 s
