-------------------------------------------------------------------------------
Test set: org.eclipse.kura.example.wire.math.singleport.gainoffset.test.GainOffsetComponentTest
-------------------------------------------------------------------------------
Tests run: 3, Failures: 0, Errors: 0, Skipped: 0, Time elapsed: 0.250 s -- in org.eclipse.kura.example.wire.math.singleport.gainoffset.test.GainOffsetComponentTest
org.eclipse.kura.example.wire.math.singleport.gainoffset.test.GainOffsetComponentTest.testGainOffset -- Time elapsed: 0.079 s
org.eclipse.kura.example.wire.math.singleport.gainoffset.test.GainOffsetComponentTest.gainOffsetWireComponentExists -- Time elapsed: 0.095 s
org.eclipse.kura.example.wire.math.singleport.gainoffset.test.GainOffsetComponentTest.gainOffsetWireComponentHasDefaultProperties -- Time elapsed: 0.076 s
