<?xml version="1.0" encoding="UTF-8"?>
<testsuite xmlns:xsi="http://www.w3.org/2001/XMLSchema-instance" xsi:noNamespaceSchemaLocation="https://maven.apache.org/surefire/maven-surefire-plugin/xsd/surefire-test-report.xsd" version="3.0.2" name="org.eclipse.kura.example.wire.math.singleport.maximum.test.MaximumComponentTest" time="0.221" tests="3" errors="0" skipped="0" failures="0">
  <properties>
[...]
</properties>
  <testcase name="maximumWireComponentHasDefaultProperties" classname="org.eclipse.kura.example.wire.math.singleport.maximum.test.MaximumComponentTest" time="0.071"/>
  <testcase name="maximumWireComponentExists" classname="org.eclipse.kura.example.wire.math.singleport.maximum.test.MaximumComponentTest" time="0.072"/>
  <testcase name="testMaximum" classname="org.eclipse.kura.example.wire.math.singleport.maximum.test.MaximumComponentTest" time="0.077"/>
</testsuite>