-------------------------------------------------------------------------------
Test set: org.eclipse.kura.example.wire.logic.multiport.provider.test.BoolLogicTest
-------------------------------------------------------------------------------
Tests run: 9, Failures: 0, Errors: 0, Skipped: 0, Time elapsed: 1.123 s -- in org.eclipse.kura.example.wire.logic.multiport.provider.test.BoolLogicTest
org.eclipse.kura.example.wire.logic.multiport.provider.test.BoolLogicTest.wireComponentExists -- Time elapsed: 0.234 s
org.eclipse.kura.example.wire.logic.multiport.provider.test.BoolLogicTest.testNotOperation -- Time elapsed: 0.125 s
org.eclipse.kura.example.wire.logic.multiport.provider.test.BoolLogicTest.testNorOperation -- Time elapsed: 0.109 s
org.eclipse.kura.example.wire.logic.multiport.provider.test.BoolLogicTest.wireComponentHasDefaultProperties -- Time elapsed: 0.095 s
org.eclipse.kura.example.wire.logic.multiport.provider.test.BoolLogicTest.testIllegalOperation -- Time elapsed: 0.127 s
org.eclipse.kura.example.wire.logic.multiport.provider.test.BoolLogicTest.testOrOperation -- Time elapsed: 0.108 s
org.eclipse.kura.example.wire.logic.multiport.provider.test.BoolLogicTest.testXorOperation -- Time elapsed: 0.099 s
org.eclipse.kura.example.wire.logic.multiport.provider.test.BoolLogicTest.testNandOperation -- Time elapsed: 0.098 s
org.eclipse.kura.example.wire.logic.multiport.provider.test.BoolLogicTest.testAndOperation -- Time elapsed: 0.089 s
